[2015.10.08-08.23.16:180][  0]Log file open, 10/08/15 10:23:16
[2015.10.08-08.23.16:180][  0]LogInit:Display: Running engine for game: Horde
[2015.10.08-08.23.16:180][  0]LogInit:Display: RandInit(-702431954) SRandInit(-702431954).
[2015.10.08-08.23.16:180][  0]LogTaskGraph: Started task graph with 4 named threads and 5 total threads.
[2015.10.08-08.23.16:180][  0]LogStats: Stats thread started at 0.203822
[2015.10.08-08.23.16:180][  0]LogInit: Version: 4.9.2-2707645+++depot+UE4-Releases+4.9
[2015.10.08-08.23.16:180][  0]LogInit: API Version: 2672455
[2015.10.08-08.23.16:180][  0]LogInit: Compiled (64-bit): Sep 28 2015 10:25:44
[2015.10.08-08.23.16:180][  0]LogInit: Compiled with Visual C++: 18.00.21005.01
[2015.10.08-08.23.16:180][  0]LogInit: Build Configuration: Development
[2015.10.08-08.23.16:180][  0]LogInit: Branch Name: ++depot+UE4-Releases+4.9
[2015.10.08-08.23.16:180][  0]LogInit: Command line:  
[2015.10.08-08.23.16:180][  0]LogInit: Base directory: C:/Program Files/Epic Games/4.9/Engine/Binaries/Win64/
[2015.10.08-08.23.16:180][  0]LogInit: Rocket: 1
[2015.10.08-08.23.16:193][  0]LogInit: Using libcurl 7.41.0
[2015.10.08-08.23.16:193][  0]LogInit:  - built for x86_64-pc-win32
[2015.10.08-08.23.16:193][  0]LogInit:  - supports SSL with WinSSL
[2015.10.08-08.23.16:193][  0]LogInit:  - other features:
[2015.10.08-08.23.16:193][  0]LogInit:      CURL_VERSION_SSL
[2015.10.08-08.23.16:193][  0]LogInit:      CURL_VERSION_IPV6
[2015.10.08-08.23.16:193][  0]LogInit:      CURL_VERSION_ASYNCHDNS
[2015.10.08-08.23.16:193][  0]LogInit:      CURL_VERSION_LARGEFILE
[2015.10.08-08.23.16:193][  0]LogInit:      CURL_VERSION_IDN
[2015.10.08-08.23.16:193][  0]LogInit:  CurlRequestOptions (configurable via config and command line):
[2015.10.08-08.23.16:193][  0]LogInit:  - bVerifyPeer = true  - Libcurl will verify peer certificate
[2015.10.08-08.23.16:193][  0]LogInit:  - bUseHttpProxy = false  - Libcurl will NOT use HTTP proxy
[2015.10.08-08.23.16:193][  0]LogInit:  - bDontReuseConnections = false  - Libcurl will reuse connections
[2015.10.08-08.23.16:193][  0]LogInit:  - CertBundlePath = nullptr  - Libcurl will use whatever was configured at build time.
[2015.10.08-08.23.16:204][  0]LogInit: Presizing for 0 objects not considered by GC, pre-allocating 0 bytes.
[2015.10.08-08.23.16:215][  0]LogInit: Object subsystem initialized
[2015.10.08-08.23.16:219][  0]LogInit: Selected Device Profile: [Windows]
[2015.10.08-08.23.16:219][  0]LogInit: Applying CVar settings loaded from the selected device profile: [Windows]
[2015.10.08-08.23.16:228][  0]LogInit: Computer: DESKTOP-VI6068T
[2015.10.08-08.23.16:228][  0]LogInit: User: onsbe
[2015.10.08-08.23.16:228][  0]LogInit: CPU Page size=4096, Cores=2
[2015.10.08-08.23.16:228][  0]LogInit: High frequency timer resolution =2.533199 MHz
[2015.10.08-08.23.16:228][  0]LogMemory: Memory total: Physical=15.9GB (16GB approx)
[2015.10.08-08.23.16:228][  0]LogMemory: Platform Memory Stats for Windows
[2015.10.08-08.23.16:228][  0]LogMemory: Process Physical Memory: 54.39 MB used, 54.39 MB peak
[2015.10.08-08.23.16:228][  0]LogMemory: Process Virtual Memory: 55.55 MB used, 55.55 MB peak
[2015.10.08-08.23.16:228][  0]LogMemory: Physical Memory: 4923.33 MB used, 16289.34 MB total
[2015.10.08-08.23.16:228][  0]LogMemory: Virtual Memory: 364.28 MB used, 134217728.00 MB total
[2015.10.08-08.23.16:270][  0]LogTextLocalizationManager: No translations for ('da-DK') exist, falling back to 'en' for localization and internationalization data.
[2015.10.08-08.23.17:400][  0]LogD3D11RHI: Found D3D11 adapter 0: NVIDIA GeForce GT 720M   (Feature Level 11_0)
[2015.10.08-08.23.17:400][  0]LogD3D11RHI: Adapter has 1996MB of dedicated video memory, 0MB of dedicated system memory, and 2047MB of shared system memory, 1 output[s]
[2015.10.08-08.23.17:417][  0]LogD3D11RHI: Found D3D11 adapter 1: NVIDIA GeForce GT 720M   (Feature Level 11_0)
[2015.10.08-08.23.17:417][  0]LogD3D11RHI: Adapter has 1996MB of dedicated video memory, 0MB of dedicated system memory, and 2047MB of shared system memory, 0 output[s]
[2015.10.08-08.23.17:419][  0]LogD3D11RHI: Found D3D11 adapter 2: Microsoft Basic Render Driver (Feature Level 11_0)
[2015.10.08-08.23.17:419][  0]LogD3D11RHI: Adapter has 1996MB of dedicated video memory, 0MB of dedicated system memory, and 2047MB of shared system memory, 0 output[s]
[2015.10.08-08.23.17:419][  0]LogD3D11RHI: Chosen D3D11 Adapter Id = 0
[2015.10.08-08.23.17:428][  0]LogD3D11RHI: !Direct3DDevice
[2015.10.08-08.23.17:429][  0]LogRHI: Texture pool is 1361 MB (70% of 1945 MB)
[2015.10.08-08.23.17:445][  0]LogD3D11RHI: Async texture creation enabled
[2015.10.08-08.23.17:483][  0]LogShaderCompilers: Guid format shader working directory is 14 characters bigger than the processId version (../../../../../../Users/onsbe/Documents/GitHub/Horde/Horde/Intermediate/Shaders/WorkingDirectory/10584/).
[2015.10.08-08.23.17:483][  0]LogShaderCompilers: Cleaned the shader compiler working directory '../../../../../../Users/onsbe/Documents/GitHub/Horde/Horde/Intermediate/Shaders/tmp/B313545F48D3319599A6469DBDBAE131/'.
[2015.10.08-08.23.17:483][  0]LogShaderCompilers:Display: Using Local Shader Compiler.
[2015.10.08-08.23.19:315][  0]LogTemp:Display: Loaded TP AllDesktopTargetPlatform
[2015.10.08-08.23.19:323][  0]LogTemp:Display: Loaded TP WindowsClientTargetPlatform
[2015.10.08-08.23.19:332][  0]LogTemp:Display: Loaded TP WindowsNoEditorTargetPlatform
[2015.10.08-08.23.19:340][  0]LogTemp:Display: Loaded TP WindowsServerTargetPlatform
[2015.10.08-08.23.19:348][  0]LogTemp:Display: Loaded TP WindowsTargetPlatform
[2015.10.08-08.23.19:355][  0]LogTemp:Display: Loaded TP AndroidTargetPlatform
[2015.10.08-08.23.19:360][  0]LogTemp:Display: Loaded TP Android_ASTCTargetPlatform
[2015.10.08-08.23.19:366][  0]LogTemp:Display: Loaded TP Android_ATCTargetPlatform
[2015.10.08-08.23.19:372][  0]LogTemp:Display: Loaded TP Android_DXTTargetPlatform
[2015.10.08-08.23.19:378][  0]LogTemp:Display: Loaded TP Android_ETC1TargetPlatform
[2015.10.08-08.23.19:384][  0]LogTemp:Display: Loaded TP Android_ETC2TargetPlatform
[2015.10.08-08.23.19:389][  0]LogTemp:Display: Loaded TP Android_PVRTCTargetPlatform
[2015.10.08-08.23.19:391][  0]LogTemp:Display: Loaded TP HTML5TargetPlatform
[2015.10.08-08.23.19:417][  0]LogTemp:Display: Loaded TP IOSTargetPlatform
[2015.10.08-08.23.19:422][  0]LogTemp:Display: Loaded TP LinuxNoEditorTargetPlatform
[2015.10.08-08.23.19:427][  0]LogTemp:Display: Loaded TP LinuxServerTargetPlatform
[2015.10.08-08.23.19:434][  0]LogTemp:Display: Loaded TP LinuxTargetPlatform
[2015.10.08-08.23.19:434][  0]LogTargetPlatformManager:Display: Building Assets For Windows
[2015.10.08-08.23.19:589][  0]LogDerivedDataCache:Display: Max Cache Size: 512 MB
[2015.10.08-08.23.19:777][  0]LogDerivedDataCache: Loaded boot cache 0.19s 44MB C:/Users/onsbe/AppData/Local/UnrealEngine/4.9/DerivedDataCache/Boot.ddc.
[2015.10.08-08.23.19:777][  0]LogDerivedDataCache:Display: Loaded Boot cache: C:/Users/onsbe/AppData/Local/UnrealEngine/4.9/DerivedDataCache/Boot.ddc
[2015.10.08-08.23.19:777][  0]LogDerivedDataCache: FDerivedDataBackendGraph:  Pak pak cache file ../../../../../../Users/onsbe/Documents/GitHub/Horde/Horde/DerivedDataCache/DDC.ddp not found, will not use a pak cache.
[2015.10.08-08.23.19:777][  0]LogDerivedDataCache: Unable to find inner node Pak for hierarchical cache Hierarchy.
[2015.10.08-08.23.19:777][  0]LogDerivedDataCache: FDerivedDataBackendGraph:  CompressedPak pak cache file ../../../../../../Users/onsbe/Documents/GitHub/Horde/Horde/DerivedDataCache/Compressed.ddp not found, will not use a pak cache.
[2015.10.08-08.23.19:777][  0]LogDerivedDataCache: Unable to find inner node CompressedPak for hierarchical cache Hierarchy.
[2015.10.08-08.23.19:969][  0]LogDerivedDataCache:Display: Pak cache opened for reading ../../../Engine/DerivedDataCache/Compressed.ddp.
[2015.10.08-08.23.19:982][  0]LogDerivedDataCache: Using Local data cache path C:/Users/onsbe/AppData/Local/UnrealEngine/Common/DerivedDataCache: Writable
[2015.10.08-08.23.20:550][  0]LogInit: Selected Device Profile: [Windows]
[2015.10.08-08.23.20:558][  0]LogContentStreaming: Texture pool size is 0.000000MB
[2015.10.08-08.23.20:756][  0]LogMeshUtilities: No automatic mesh reduction module available
[2015.10.08-08.23.20:756][  0]LogMeshUtilities: No automatic mesh merging module available
[2015.10.08-08.23.21:162][  0]LogInit: WinSock: version 1.1 (2.2), MaxSocks=32767, MaxUdp=65467
[2015.10.08-08.23.22:854][  0]UdpMessaging: Initializing bridge on interface 0.0.0.0:0 to multicast group 230.0.0.1:6666.
[2015.10.08-08.23.23:011][  0]LogAssetRegistry: FAssetRegistry took 0.0126 seconds to start up
[2015.10.08-08.23.23:331][  0]SourceControl: Info Source control is disabled
[2015.10.08-08.23.23:351][  0]SourceControl: Info Source control is disabled
[2015.10.08-08.23.23:370][  0]SourceControl: Info Source control is disabled
[2015.10.08-08.23.23:388][  0]SourceControl: Info Source control is disabled
[2015.10.08-08.23.23:642][  0]LogLinker:Warning: Asset '../../../Engine/Plugins/Runtime/LeapMotionController/Content/LM_PassthroughMaterial.uasset' has been saved with empty engine version. The asset will be loaded but may be incompatible.
[2015.10.08-08.23.23:782][  0]LogObj: 28361 objects as part of root set at end of initial load.
[2015.10.08-08.23.23:782][  0]LogUObjectAllocator: 6038872 out of 0 bytes used by permanent object pool.
[2015.10.08-08.23.23:893][  0]LogEngine: Initializing Engine...
[2015.10.08-08.23.23:899][  0]LogHMD: Can't find Oculus library dev build: is proper Runtime installed? Version: 0.7.0.0
[2015.10.08-08.23.23:900][  0]LogHMD: SteamVR failed to initialize.  Err: 110
[2015.10.08-08.23.24:118][  0]LogAIModule: Creating AISystem for world NewWorld
[2015.10.08-08.23.24:133][  0]LogInit: XAudio2 using 'Speakers / Headphones (Realtek High Definition Audio)' : 2 channels at 48 kHz using 32 bits per sample (channel mask 0x3)
[2015.10.08-08.23.24:256][  0]LogInit: FAudioDevice initialized.
[2015.10.08-08.23.24:283][  0]LogDerivedDataCache: Saved boot cache 0.03s 44MB C:/Users/onsbe/AppData/Local/UnrealEngine/4.9/DerivedDataCache/Boot.ddc.
[2015.10.08-08.23.24:286][  0]LogInit: Texture streaming: Enabled
[2015.10.08-08.23.24:296][  0]LogAnalytics: Creating configured Analytics provider AnalyticsET
[2015.10.08-08.23.24:297][  0]LogAnalytics: [UEEditor.Rocket.Release] APIServer = http://et2.epicgames.com/ET2/. AppVersion = 4.9.2-2707645+++depot+UE4-Releases+4.9
[2015.10.08-08.23.24:297][  0]LogAnalytics: [UEEditor.Rocket.Release] SetUserId 5caac47b45c3932bc5e094b7223c1196|6ce5f8b521c2485a8192789e2da115f6|ebf08bda-e96f-41b8-a297-454283a28afb
[2015.10.08-08.23.24:297][  0]LogAnalytics: [UEEditor.Rocket.Release] AnalyticsET::StartSession
[2015.10.08-08.23.24:314][  0]LogWindowsTextInputMethodSystem:Display: IME system now deactivated.
[2015.10.08-08.23.24:342][  0]LogInit: Transaction tracking system initialized
[2015.10.08-08.23.24:451][  0]BlueprintLog: New page: Editor Load
[2015.10.08-08.23.24:655][  0]LocalizationService: Info Localization service is disabled
[2015.10.08-08.23.24:814][  0]LogConsoleResponse:Display: 
[2015.10.08-08.23.24:982][  0]LogFileCache: Scanning file cache for directory 'C:/Users/onsbe/Documents/GitHub/Horde/Horde/Content/' took 0.01s
[2015.10.08-08.23.24:982][  0]LogCook:Display: Done creating registry. It took  0.00s.
[2015.10.08-08.23.25:101][  0]SourceControl: Info Source control is disabled
[2015.10.08-08.23.25:103][  0]Cmd: MAP LOAD FILE="../../../Engine/Content/Maps/Templates/Template_Default.umap" TEMPLATE=1 SHOWPROGRESS=1 FEATURELEVEL=3
[2015.10.08-08.23.25:103][  0]LightingResults: New page: Lighting Build
[2015.10.08-08.23.25:111][  0]MapCheck: New page: Map Check
[2015.10.08-08.23.25:111][  0]LightingResults: New page: Lighting Build
[2015.10.08-08.23.25:142][  0]LogParticles: Destroying 0 GPU particle simulations for FXSystem 0x000000061A986160
[2015.10.08-08.23.25:558][  0]LogAIModule: Creating AISystem for world Untitled_1
[2015.10.08-08.23.25:578][  0]LogEditorServer: Finished looking for orphan Actors (0.000 secs)
[2015.10.08-08.23.25:585][  0]Cmd: MAP CHECKDEP NOCLEARLOG
[2015.10.08-08.23.25:637][  0]MapCheck: Info Map check complete: 0 Error(s), 0 Warning(s), took 51.087ms to complete.
[2015.10.08-08.23.25:638][  0]LogFileHelpers: Loading map 'Template_Default' took 0.535
[2015.10.08-08.23.25:832][  0]LogCollectionManager: Loaded 0 collections in 0.004389 seconds
[2015.10.08-08.23.25:888][  0]LogFileCache: Scanning file cache for directory 'C:/Users/onsbe/Documents/GitHub/Horde/Horde/Saved/Collections/' took 0.01s
[2015.10.08-08.23.25:888][  0]LogFileCache: Scanning file cache for directory 'C:/Users/onsbe/Documents/GitHub/Horde/Horde/Content/Developers/onsbe/Collections/' took 0.01s
[2015.10.08-08.23.25:889][  0]LogFileCache: Scanning file cache for directory 'C:/Users/onsbe/Documents/GitHub/Horde/Horde/Content/Collections/' took 0.01s
[2015.10.08-08.23.25:889][  0]LogContentBrowser: Native class hierarchy populated in 0.0159 seconds. Added 1867 classes and 333 folders.
[2015.10.08-08.23.25:903][  0]LogCollectionManager: Rebuilt the GUID cache for 0 collections in 0.000003 seconds
[2015.10.08-08.23.25:921][  0]LogContentBrowser: Native class hierarchy updated for 'WidgetCarousel' in 0.0006 seconds. Added 0 classes and 0 folders.
[2015.10.08-08.23.26:073][  0]LogContentBrowser: Native class hierarchy updated for 'AddContentDialog' in 0.0006 seconds. Added 0 classes and 0 folders.
[2015.10.08-08.23.26:091][  0]LogContentBrowser: Native class hierarchy updated for 'SceneOutliner' in 0.0006 seconds. Added 1 classes and 2 folders.
[2015.10.08-08.23.26:156][  0]LogCrashTracker: Crashtracker disabled due to settings.
[2015.10.08-08.23.26:169][  0]LogUObjectGlobals:Warning: Failed to find object 'Class None.'
[2015.10.08-08.23.26:194][  0]LogLoad: Full Startup: 10.80 seconds (BP compile: 0.09 seconds)
[2015.10.08-08.23.26:322][  0]LogContentStreaming: Texture pool size now 1000 MB
[2015.10.08-08.23.26:498][  0]LogRenderer: Reallocating scene render targets to support 900x436 (Frame:2).
[2015.10.08-08.23.26:817][  5]LogAssetRegistry: Asset discovery search completed in 3.8172 seconds
[2015.10.08-08.23.26:817][  5]LogCollectionManager: Rebuilt the object cache for 0 collections in 0.000000 seconds (found 0 objects)
[2015.10.08-08.23.26:817][  5]LogCollectionManager: Fixed up redirectors for 0 collections in 0.000037 seconds (updated 0 objects)
[2015.10.08-09.31.38:509][262]LogBlueprint:Warning: USimpleConstructionScript::FixupRootNodeParentReferences() - Couldn't find inherited parent component 'DefaultSceneRoot' for 'StaticMesh' in BlueprintGeneratedClass 'REINST_Shotgun_BP_C_25' (it may have been removed)
[2015.10.08-09.31.38:804][262]LogStaticMesh: Building static mesh Shotgun...
[2015.10.08-09.31.38:840][262]LogStaticMesh: Built static mesh [0.036568.2s] /Game/Meshes/Guns/TEMP/Shotgun/Shotgun.Shotgun
[2015.10.08-09.31.38:931][262]LogLinker:Warning: Asset '../../../Engine/Content/ArtTools/RenderToTexture/Macros/RenderToTextureMacros.uasset' has been saved with empty engine version. The asset will be loaded but may be incompatible.
[2015.10.08-09.31.39:504][262]LogContentBrowser: Native class hierarchy updated for 'BlueprintGraph' in 0.0008 seconds. Added 107 classes and 0 folders.
[2015.10.08-09.31.52:762][553]LogRenderer: Reallocating scene render targets to support 912x684 (Frame:2625).
[2015.10.08-09.34.00:889][674]LogFileHelpers: Editor autosave (incl. sublevels) for '/Temp/Untitled_1' took 0.060
[2015.10.08-09.34.00:894][674]OBJ SavePackage: Generating thumbnails for [0] asset(s) in package [/Game/Blueprints/BaseClasses/ItemBase_BP] ([1] browsable assets)...
[2015.10.08-09.34.00:895][674]OBJ SavePackage: Finished generating thumbnails for package [/Game/Blueprints/BaseClasses/ItemBase_BP]
[2015.10.08-09.34.00:906][674]LogSavePackage: Save=10.506083ms
[2015.10.08-09.34.00:906][674]LogSavePackage: Moving '../../../../../../Users/onsbe/Documents/GitHub/Horde/Horde/Saved/ItemBase_BP_Auto1AC3337244506779D7339CAA6787E1870.tmp' to '../../../../../../Users/onsbe/Documents/GitHub/Horde/Horde/Saved/Autosaves/Game/Blueprints/BaseClasses/ItemBase_BP_Auto1.uasset'
[2015.10.08-09.34.00:907][674]LogSavePackage: Total save time: 11.993136ms
[2015.10.08-09.34.00:907][674]LogSavePackage:Warning: Finished SavePackage ../../../../../../Users/onsbe/Documents/GitHub/Horde/Horde/Saved/Autosaves/Game/Blueprints/BaseClasses/ItemBase_BP_Auto1.uasset
[2015.10.08-09.34.00:907][674]LogFileHelpers: Auto-saving content packages took 0.017
[2015.10.08-09.36.20:343][494]LogBlueprint:Warning: Reparenting blueprint Blueprint /Game/Blueprints/BaseClasses/GunBase_BP.GunBase_BP from Actor to ItemBase_BP_C...
[2015.10.08-09.36.20:379][494]BlueprintLog: New page: Compile GunBase_BP
[2015.10.08-09.36.20:393][494]LogBlueprint:Warning: USimpleConstructionScript::FixupRootNodeParentReferences() - Couldn't find inherited parent component 'DefaultSceneRoot' for 'HandlePoint' in BlueprintGeneratedClass 'REINST_GunBase_BP_C_50' (it may have been removed)
[2015.10.08-09.36.20:417][494]LogBlueprint:Warning: USimpleConstructionScript::FixupRootNodeParentReferences() - Couldn't find inherited parent component 'DefaultSceneRoot' for 'StaticMesh' in BlueprintGeneratedClass 'REINST_Shotgun_BP_C_54' (it may have been removed)
[2015.10.08-09.36.20:424][494]LogBlueprint:Warning: USimpleConstructionScript::FixupRootNodeParentReferences() - Couldn't find inherited parent component 'DefaultSceneRoot' for 'StaticMesh' in BlueprintGeneratedClass 'Shotgun_BP_C' (it may have been removed)
[2015.10.08-09.36.20:725][494]BlueprintEditorCompileResults: Info [4385.34] Compile of GunBase_BP successful! [in 345 ms]
[2015.10.08-09.36.25:408][634]LogBlueprintUserMessages: CustomizeDetails for Blueprint 'HeroBase_BP', cached variable property's owner is '/Game/Blueprints/BaseClasses/HeroBase_BP.SKEL_HeroBase_BP_C'
[2015.10.08-09.36.30:732][708]LogBlueprintUserMessages: CustomizeDetails for Blueprint 'HeroBase_BP', cached variable property's owner is '/Game/Blueprints/BaseClasses/HeroBase_BP.SKEL_HeroBase_BP_C'
[2015.10.08-09.44.01:677][302]LogFileHelpers: Editor autosave (incl. sublevels) for '/Temp/Untitled_1' took 0.062
[2015.10.08-09.44.01:688][302]OBJ SavePackage: Generating thumbnails for [0] asset(s) in package [/Game/Blueprints/BaseClasses/GunBase_BP] ([1] browsable assets)...
[2015.10.08-09.44.01:688][302]OBJ SavePackage: Finished generating thumbnails for package [/Game/Blueprints/BaseClasses/GunBase_BP]
[2015.10.08-09.44.01:837][302]LogSavePackage: Save=143.252075ms
[2015.10.08-09.44.01:837][302]LogSavePackage: Moving '../../../../../../Users/onsbe/Documents/GitHub/Horde/Horde/Saved/GunBase_BP_Auto2F91553F841F12A1E962594B6079203D1.tmp' to '../../../../../../Users/onsbe/Documents/GitHub/Horde/Horde/Saved/Autosaves/Game/Blueprints/BaseClasses/GunBase_BP_Auto2.uasset'
[2015.10.08-09.44.01:840][302]LogSavePackage: Total save time: 150.850762ms
[2015.10.08-09.44.01:840][302]LogSavePackage:Warning: Finished SavePackage ../../../../../../Users/onsbe/Documents/GitHub/Horde/Horde/Saved/Autosaves/Game/Blueprints/BaseClasses/GunBase_BP_Auto2.uasset
[2015.10.08-09.44.01:840][302]LogFileHelpers: Auto-saving content packages took 0.162
[2015.10.08-09.45.19:579][559]Cmd: OBJ SAVEPACKAGE PACKAGE="/Game/Blueprints/BaseClasses/GunBase_BP" FILE="../../../../../../Users/onsbe/Documents/GitHub/Horde/Horde/Content/Blueprints/BaseClasses/GunBase_BP.uasset" SILENT=true
[2015.10.08-09.45.19:711][559]LogSavePackage: Save=126.249855ms
[2015.10.08-09.45.19:711][559]LogSavePackage: Moving '../../../../../../Users/onsbe/Documents/GitHub/Horde/Horde/Saved/GunBase_BP589AD3CE4BAAC004C6B7BEA716AF9E0C.tmp' to '../../../../../../Users/onsbe/Documents/GitHub/Horde/Horde/Content/Blueprints/BaseClasses/GunBase_BP.uasset'
[2015.10.08-09.45.19:713][559]LogSavePackage: Total save time: 133.488525ms
[2015.10.08-09.45.19:713][559]LogSavePackage:Warning: Finished SavePackage ../../../../../../Users/onsbe/Documents/GitHub/Horde/Horde/Content/Blueprints/BaseClasses/GunBase_BP.uasset
[2015.10.08-09.45.19:726][559]Cmd: OBJ SAVEPACKAGE PACKAGE="/Game/Blueprints/BaseClasses/ItemBase_BP" FILE="../../../../../../Users/onsbe/Documents/GitHub/Horde/Horde/Content/Blueprints/BaseClasses/ItemBase_BP.uasset" SILENT=true
[2015.10.08-09.45.19:739][559]LogSavePackage: Save=11.414421ms
[2015.10.08-09.45.19:739][559]LogSavePackage: Moving '../../../../../../Users/onsbe/Documents/GitHub/Horde/Horde/Saved/ItemBase_BPE5CFD8394790351F28D75AB2241F3285.tmp' to '../../../../../../Users/onsbe/Documents/GitHub/Horde/Horde/Content/Blueprints/BaseClasses/ItemBase_BP.uasset'
[2015.10.08-09.45.19:742][559]LogSavePackage: Total save time: 14.370367ms
[2015.10.08-09.45.19:742][559]LogSavePackage:Warning: Finished SavePackage ../../../../../../Users/onsbe/Documents/GitHub/Horde/Horde/Content/Blueprints/BaseClasses/ItemBase_BP.uasset
[2015.10.08-10.17.57:621][465]LogBlueprintUserMessages: CustomizeDetails for Blueprint 'HeroBase_BP', cached variable property's owner is '/Game/Blueprints/BaseClasses/HeroBase_BP.SKEL_HeroBase_BP_C'
[2015.10.08-10.18.54:162][192]BlueprintLog: New page: Compile ItemBase_BP
[2015.10.08-10.18.54:215][192]LogBlueprint:Warning: USimpleConstructionScript::FixupRootNodeParentReferences() - Couldn't find inherited parent component 'DefaultSceneRoot' for 'HandlePoint' in BlueprintGeneratedClass 'REINST_GunBase_BP_C_76' (it may have been removed)
[2015.10.08-10.18.54:715][192]BlueprintEditorCompileResults: Info [6939.26] Compile of ItemBase_BP successful! [in 552 ms]
[2015.10.08-10.19.12:770][906]LogBlueprintUserMessages: CustomizeDetails for Blueprint 'HeroBase_BP', cached variable property's owner is '/Game/Blueprints/BaseClasses/GunBase_BP.GunBase_BP_C'
[2015.10.08-10.19.37:804][885]LogBlueprintUserMessages: CustomizeDetails for Blueprint 'HeroBase_BP', cached variable property's owner is '/Game/Blueprints/BaseClasses/HeroBase_BP.SKEL_HeroBase_BP_C'
[2015.10.08-10.20.04:720][933]LogBlueprintUserMessages: CustomizeDetails for Blueprint 'HeroBase_BP', cached variable property's owner is '/Game/Blueprints/BaseClasses/HeroBase_BP.SKEL_HeroBase_BP_C'
[2015.10.08-10.20.09:866][124]LogBlueprintUserMessages: CustomizeDetails for Blueprint 'HeroBase_BP', cached variable property's owner is '/Game/Blueprints/BaseClasses/HeroBase_BP.SKEL_HeroBase_BP_C'
[2015.10.08-10.20.16:544][297]LogBlueprintUserMessages: PostEditorRefresh for Blueprint 'HeroBase_BP', cached variable property's owner is '/Game/Blueprints/BaseClasses/HeroBase_BP.SKEL_HeroBase_BP_C'
[2015.10.08-10.20.16:595][297]LogBlueprintUserMessages: PostEditorRefresh for Blueprint 'HeroBase_BP', cached variable property's owner is '/Game/Blueprints/BaseClasses/HeroBase_BP.SKEL_HeroBase_BP_C'
[2015.10.08-10.20.16:636][297]LogBlueprintUserMessages: CustomizeDetails for Blueprint 'HeroBase_BP', cached variable property's owner is '/Game/Blueprints/BaseClasses/HeroBase_BP.SKEL_HeroBase_BP_C'
[2015.10.08-10.20.17:444][328]LogBlueprintUserMessages: CustomizeDetails for Blueprint 'HeroBase_BP', cached variable property's owner is '/Game/Blueprints/BaseClasses/HeroBase_BP.SKEL_HeroBase_BP_C'
[2015.10.08-10.20.22:603][521]BlueprintLog: New page: Compile HeroBase_BP
[2015.10.08-10.20.22:684][521]LogBlueprint:Error: [compiler HeroBase_BP] Error This blueprint (self) is not a GunBase_BP_C, therefore ' Target ' must have a connection.
[2015.10.08-10.20.22:685][521]LogBlueprint:Error: [compiler HeroBase_BP] Error Variable node  Get DelayToNextBullet  uses an invalid target.  It may depend on a node that is not connected to the execution chain, and got purged.
[2015.10.08-10.20.23:031][521]LogBlueprintUserMessages: PostEditorRefresh for Blueprint 'HeroBase_BP', cached variable property's owner is '/Game/Blueprints/BaseClasses/HeroBase_BP.SKEL_HeroBase_BP_C'
[2015.10.08-10.20.23:035][521]LogBlueprint:Warning: [compiler HeroBase_BP] Warning [7027.48] Compile of HeroBase_BP failed. 2 Fatal Issue(s) 0 Warning(s) [in 430 ms]
[2015.10.08-10.20.23:035][521]BlueprintEditorCompileResults:Error: Error This blueprint (self) is not a GunBase_BP_C, therefore ' Target ' must have a connection.
[2015.10.08-10.20.23:035][521]BlueprintEditorCompileResults:Error: Error Variable node  Get DelayToNextBullet  uses an invalid target.  It may depend on a node that is not connected to the execution chain, and got purged.
[2015.10.08-10.20.23:035][521]BlueprintEditorCompileResults:Warning: Warning [7027.48] Compile of HeroBase_BP failed. 2 Fatal Issue(s) 0 Warning(s) [in 430 ms]
[2015.10.08-10.20.23:092][521]LogBlueprintUserMessages: CustomizeDetails for Blueprint 'HeroBase_BP', cached variable property's owner is '/Game/Blueprints/BaseClasses/HeroBase_BP.SKEL_HeroBase_BP_C'
[2015.10.08-10.20.28:983][671]LogBlueprintUserMessages: CustomizeDetails for Blueprint 'HeroBase_BP', cached variable property's owner is '/Game/Blueprints/BaseClasses/GunBase_BP.GunBase_BP_C'
[2015.10.08-10.20.50:392][486]BlueprintLog: New page: Compile HeroBase_BP
[2015.10.08-10.20.50:768][486]BlueprintEditorCompileResults: Info [7055.19] Compile of HeroBase_BP successful! [in 375 ms]
[2015.10.08-10.21.47:808][921]Cmd: OBJ SAVEPACKAGE PACKAGE="/Game/Blueprints/BaseClasses/HeroBase_BP" FILE="../../../../../../Users/onsbe/Documents/GitHub/Horde/Horde/Content/Blueprints/BaseClasses/HeroBase_BP.uasset" SILENT=true
[2015.10.08-10.21.48:041][921]LogSavePackage: Save=221.077377ms
[2015.10.08-10.21.48:041][921]LogSavePackage: Moving '../../../../../../Users/onsbe/Documents/GitHub/Horde/Horde/Saved/HeroBase_BP008F1B8544864077A92D6F825BD79FD4.tmp' to '../../../../../../Users/onsbe/Documents/GitHub/Horde/Horde/Content/Blueprints/BaseClasses/HeroBase_BP.uasset'
[2015.10.08-10.21.48:044][921]LogSavePackage: Total save time: 233.938590ms
[2015.10.08-10.21.48:044][921]LogSavePackage:Warning: Finished SavePackage ../../../../../../Users/onsbe/Documents/GitHub/Horde/Horde/Content/Blueprints/BaseClasses/HeroBase_BP.uasset
[2015.10.08-10.21.48:059][921]Cmd: OBJ SAVEPACKAGE PACKAGE="/Game/Blueprints/BaseClasses/ItemBase_BP" FILE="../../../../../../Users/onsbe/Documents/GitHub/Horde/Horde/Content/Blueprints/BaseClasses/ItemBase_BP.uasset" SILENT=true
[2015.10.08-10.21.48:085][921]LogSavePackage: Save=17.319603ms
[2015.10.08-10.21.48:085][921]LogSavePackage: Moving '../../../../../../Users/onsbe/Documents/GitHub/Horde/Horde/Saved/ItemBase_BPBEA36B9448FF4AF48DF76E957E2699D1.tmp' to '../../../../../../Users/onsbe/Documents/GitHub/Horde/Horde/Content/Blueprints/BaseClasses/ItemBase_BP.uasset'
[2015.10.08-10.21.48:089][921]LogSavePackage: Total save time: 28.508220ms
[2015.10.08-10.21.48:089][921]LogSavePackage:Warning: Finished SavePackage ../../../../../../Users/onsbe/Documents/GitHub/Horde/Horde/Content/Blueprints/BaseClasses/ItemBase_BP.uasset
[2015.10.08-10.21.57:582][303]LogBlueprintUserMessages: CustomizeDetails for Blueprint 'HeroBase_BP', cached variable property's owner is '/Game/Blueprints/BaseClasses/HeroBase_BP.SKEL_HeroBase_BP_C'
[2015.10.08-10.22.01:588][458]BlueprintLog: New page: Compile HeroBase_BP
[2015.10.08-10.22.01:954][458]BlueprintEditorCompileResults: Info [7126.29] Compile of HeroBase_BP successful! [in 365 ms]
[2015.10.08-10.22.23:110][689]LogFileHelpers: Editor autosave (incl. sublevels) for '/Temp/Untitled_1' took 0.083
[2015.10.08-10.22.23:122][689]OBJ SavePackage: Generating thumbnails for [0] asset(s) in package [/Game/Blueprints/BaseClasses/HeroBase_BP] ([1] browsable assets)...
[2015.10.08-10.22.23:122][689]OBJ SavePackage: Finished generating thumbnails for package [/Game/Blueprints/BaseClasses/HeroBase_BP]
[2015.10.08-10.22.23:327][689]LogSavePackage: Save=196.123169ms
[2015.10.08-10.22.23:327][689]LogSavePackage: Moving '../../../../../../Users/onsbe/Documents/GitHub/Horde/Horde/Saved/HeroBase_BP_Auto3AC24CCAD462B5513E542ED9CBC4EA054.tmp' to '../../../../../../Users/onsbe/Documents/GitHub/Horde/Horde/Saved/Autosaves/Game/Blueprints/BaseClasses/HeroBase_BP_Auto3.uasset'
[2015.10.08-10.22.23:333][689]LogSavePackage: Total save time: 209.058981ms
[2015.10.08-10.22.23:333][689]LogSavePackage:Warning: Finished SavePackage ../../../../../../Users/onsbe/Documents/GitHub/Horde/Horde/Saved/Autosaves/Game/Blueprints/BaseClasses/HeroBase_BP_Auto3.uasset
[2015.10.08-10.22.23:333][689]LogFileHelpers: Auto-saving content packages took 0.221
[2015.10.08-10.23.01:177][115]LogBlueprintUserMessages: CustomizeDetails for Blueprint 'HeroBase_BP', cached variable property's owner is '/Game/Blueprints/BaseClasses/HeroBase_BP.SKEL_HeroBase_BP_C'
[2015.10.08-10.23.04:691][249]LogBlueprintUserMessages: PostEditorRefresh for Blueprint 'HeroBase_BP', cached variable property's owner is '/Game/Blueprints/BaseClasses/HeroBase_BP.SKEL_HeroBase_BP_C'
[2015.10.08-10.23.04:729][249]LogBlueprintUserMessages: CustomizeDetails for Blueprint 'HeroBase_BP', cached variable property's owner is '/Game/Blueprints/BaseClasses/HeroBase_BP.SKEL_HeroBase_BP_C'
[2015.10.08-10.23.05:954][291]Cmd: OBJ SAVEPACKAGE PACKAGE="/Game/Blueprints/BaseClasses/HeroBase_BP" FILE="../../../../../../Users/onsbe/Documents/GitHub/Horde/Horde/Content/Blueprints/BaseClasses/HeroBase_BP.uasset" SILENT=true
[2015.10.08-10.23.06:251][291]LogSavePackage: Save=284.915649ms
[2015.10.08-10.23.06:251][291]LogSavePackage: Moving '../../../../../../Users/onsbe/Documents/GitHub/Horde/Horde/Saved/HeroBase_BP86C551C94EF74AA6E8C5CAB7D7CA2187.tmp' to '../../../../../../Users/onsbe/Documents/GitHub/Horde/Horde/Content/Blueprints/BaseClasses/HeroBase_BP.uasset'
[2015.10.08-10.23.06:257][291]LogSavePackage: Total save time: 299.701683ms
[2015.10.08-10.23.06:257][291]LogSavePackage:Warning: Finished SavePackage ../../../../../../Users/onsbe/Documents/GitHub/Horde/Horde/Content/Blueprints/BaseClasses/HeroBase_BP.uasset
[2015.10.08-10.23.06:642][306]BlueprintLog: New page: Compile HeroBase_BP
[2015.10.08-10.23.06:995][306]LogBlueprintUserMessages: PostEditorRefresh for Blueprint 'HeroBase_BP', cached variable property's owner is '/Game/Blueprints/BaseClasses/HeroBase_BP.SKEL_HeroBase_BP_C'
[2015.10.08-10.23.06:999][306]BlueprintEditorCompileResults: Info [7191.28] Compile of HeroBase_BP successful! [in 356 ms]
[2015.10.08-10.23.07:036][306]LogBlueprintUserMessages: CustomizeDetails for Blueprint 'HeroBase_BP', cached variable property's owner is '/Game/Blueprints/BaseClasses/HeroBase_BP.SKEL_HeroBase_BP_C'
[2015.10.08-10.23.07:471][321]LogBlueprintUserMessages: CustomizeDetails for Blueprint 'HeroBase_BP', cached variable property's owner is '/Game/Blueprints/BaseClasses/HeroBase_BP.SKEL_HeroBase_BP_C'
[2015.10.08-10.23.22:933][894]LogBlueprintUserMessages: CustomizeDetails for Blueprint 'HeroBase_BP', cached variable property's owner is '/Game/Blueprints/BaseClasses/HeroBase_BP.SKEL_HeroBase_BP_C'
[2015.10.08-10.23.23:285][905]LogBlueprintUserMessages: CustomizeDetails for Blueprint 'HeroBase_BP', cached variable property's owner is '/Game/Blueprints/BaseClasses/HeroBase_BP.SKEL_HeroBase_BP_C'
[2015.10.08-10.23.23:906][925]LogBlueprintUserMessages: CustomizeDetails for Blueprint 'HeroBase_BP', cached variable property's owner is '/Game/Blueprints/BaseClasses/HeroBase_BP.SKEL_HeroBase_BP_C'
[2015.10.08-10.23.38:089][450]LogBlueprintUserMessages: CustomizeDetails for Blueprint 'HeroBase_BP', cached variable property's owner is '/Game/Blueprints/BaseClasses/HeroBase_BP.SKEL_HeroBase_BP_C'
[2015.10.08-10.23.48:000][832]BlueprintLog: New page: Compile HeroBase_BP
[2015.10.08-10.23.48:109][832]LogBlueprint:Warning: [compiler HeroBase_BP] Warning 'ItemInHand' is already a 'Item Base BP', you don't need  Cast To ItemBase_BP .
[2015.10.08-10.23.48:461][832]LogBlueprintUserMessages: PostEditorRefresh for Blueprint 'HeroBase_BP', cached variable property's owner is '/Game/Blueprints/BaseClasses/HeroBase_BP.SKEL_HeroBase_BP_C'
[2015.10.08-10.23.48:467][832]LogBlueprint:Warning: [compiler HeroBase_BP] Warning [7232.74] Compile of HeroBase_BP successful, but with 1 Warning(s) [in 466 ms]
[2015.10.08-10.23.48:468][832]BlueprintEditorCompileResults:Warning: Warning 'ItemInHand' is already a 'Item Base BP', you don't need  Cast To ItemBase_BP .
[2015.10.08-10.23.48:468][832]BlueprintEditorCompileResults:Warning: Warning [7232.74] Compile of HeroBase_BP successful, but with 1 Warning(s) [in 466 ms]
[2015.10.08-10.23.48:534][832]LogBlueprintUserMessages: CustomizeDetails for Blueprint 'HeroBase_BP', cached variable property's owner is '/Game/Blueprints/BaseClasses/HeroBase_BP.SKEL_HeroBase_BP_C'
[2015.10.08-10.24.11:715][769]BlueprintLog: New page: Compile ItemBase_BP
[2015.10.08-10.24.11:772][769]LogBlueprint:Warning: USimpleConstructionScript::FixupRootNodeParentReferences() - Couldn't find inherited parent component 'DefaultSceneRoot' for 'HandlePoint' in BlueprintGeneratedClass 'REINST_GunBase_BP_C_152' (it may have been removed)
[2015.10.08-10.24.12:106][769]LogBlueprint:Warning: [compiler HeroBase_BP] Warning 'ItemInHand' is already a 'Item Base BP', you don't need  Cast To ItemBase_BP .
[2015.10.08-10.24.12:451][769]LogBlueprintUserMessages: PostEditorRefresh for Blueprint 'HeroBase_BP', cached variable property's owner is '/Game/Blueprints/BaseClasses/HeroBase_BP.SKEL_HeroBase_BP_C'
[2015.10.08-10.24.12:493][769]LogBlueprintUserMessages: PostEditorRefresh for Blueprint 'HeroBase_BP', cached variable property's owner is '/Game/Blueprints/BaseClasses/HeroBase_BP.SKEL_HeroBase_BP_C'
[2015.10.08-10.24.12:623][769]BlueprintEditorCompileResults: Info [7256.88] Compile of ItemBase_BP successful! [in 907 ms]
[2015.10.08-10.24.15:627][900]LogBlueprintUserMessages: CustomizeDetails for Blueprint 'HeroBase_BP', cached variable property's owner is '/Game/Blueprints/BaseClasses/HeroBase_BP.SKEL_HeroBase_BP_C'
[2015.10.08-10.25.02:154][682]BlueprintLog: New page: Compile ItemBase_BP
[2015.10.08-10.25.02:212][682]LogBlueprint:Warning: USimpleConstructionScript::FixupRootNodeParentReferences() - Couldn't find inherited parent component 'DefaultSceneRoot' for 'HandlePoint' in BlueprintGeneratedClass 'REINST_GunBase_BP_C_190' (it may have been removed)
[2015.10.08-10.25.02:669][682]LogBlueprint:Warning: [compiler HeroBase_BP] Warning 'ItemInHand' is already a 'Item Base BP', you don't need  Cast To ItemBase_BP .
[2015.10.08-10.25.02:670][682]LogBlueprint:Warning: [compiler HeroBase_BP] Warning 'ItemInHand' is already a 'Item Base BP', you don't need  Cast To ItemBase_BP .
[2015.10.08-10.25.03:121][682]BlueprintEditorCompileResults: Info [7307.36] Compile of ItemBase_BP successful! [in 966 ms]
[2015.10.08-10.25.21:589][418]LogBlueprintUserMessages: CustomizeDetails for Blueprint 'HeroBase_BP', cached variable property's owner is '/Game/Blueprints/BaseClasses/HeroBase_BP.SKEL_HeroBase_BP_C'
[2015.10.08-10.25.28:087][661]LogBlueprintUserMessages: CustomizeDetails for Blueprint 'HeroBase_BP', cached variable property's owner is '/Game/Blueprints/BaseClasses/HeroBase_BP.SKEL_HeroBase_BP_C'
[2015.10.08-10.25.29:762][721]LogBlueprintUserMessages: CustomizeDetails for Blueprint 'HeroBase_BP', cached variable property's owner is '/Game/Blueprints/BaseClasses/HeroBase_BP.SKEL_HeroBase_BP_C'
[2015.10.08-10.25.31:559][789]BlueprintLog: New page: Compile HeroBase_BP
[2015.10.08-10.25.31:675][789]LogBlueprint:Warning: [compiler HeroBase_BP] Warning 'ItemInHand' is already a 'Item Base BP', you don't need  Cast To ItemBase_BP .
[2015.10.08-10.25.31:675][789]LogBlueprint:Warning: [compiler HeroBase_BP] Warning 'ItemInHand' is already a 'Item Base BP', you don't need  Cast To ItemBase_BP .
[2015.10.08-10.25.31:956][789]LogBlueprintUserMessages: PostEditorRefresh for Blueprint 'HeroBase_BP', cached variable property's owner is '/Game/Blueprints/BaseClasses/HeroBase_BP.SKEL_HeroBase_BP_C'
[2015.10.08-10.25.31:959][789]LogBlueprint:Warning: [compiler HeroBase_BP] Warning [7336.19] Compile of HeroBase_BP successful, but with 2 Warning(s) [in 399 ms]
[2015.10.08-10.25.31:960][789]BlueprintEditorCompileResults:Warning: Warning 'ItemInHand' is already a 'Item Base BP', you don't need  Cast To ItemBase_BP .
[2015.10.08-10.25.31:960][789]BlueprintEditorCompileResults:Warning: Warning 'ItemInHand' is already a 'Item Base BP', you don't need  Cast To ItemBase_BP .
[2015.10.08-10.25.31:960][789]BlueprintEditorCompileResults:Warning: Warning [7336.19] Compile of HeroBase_BP successful, but with 2 Warning(s) [in 399 ms]
[2015.10.08-10.25.31:993][789]LogBlueprintUserMessages: CustomizeDetails for Blueprint 'HeroBase_BP', cached variable property's owner is '/Game/Blueprints/BaseClasses/HeroBase_BP.SKEL_HeroBase_BP_C'
[2015.10.08-10.26.06:055][ 32]LogBlueprintUserMessages: CustomizeDetails for Blueprint 'HeroBase_BP', cached variable property's owner is '/Game/Blueprints/BaseClasses/HeroBase_BP.SKEL_HeroBase_BP_C'
[2015.10.08-10.26.08:669][127]LogBlueprintUserMessages: CustomizeDetails for Blueprint 'HeroBase_BP', cached variable property's owner is '/Game/Blueprints/BaseClasses/HeroBase_BP.SKEL_HeroBase_BP_C'
[2015.10.08-10.27.03:327][169]Cmd: OBJ SAVEPACKAGE PACKAGE="/Game/Blueprints/BaseClasses/HeroBase_BP" FILE="../../../../../../Users/onsbe/Documents/GitHub/Horde/Horde/Content/Blueprints/BaseClasses/HeroBase_BP.uasset" SILENT=true
[2015.10.08-10.27.03:770][169]LogSavePackage: Save=423.688385ms
[2015.10.08-10.27.03:770][169]LogSavePackage: Moving '../../../../../../Users/onsbe/Documents/GitHub/Horde/Horde/Saved/HeroBase_BPDE4593704A66757ADC91199FEC343D80.tmp' to '../../../../../../Users/onsbe/Documents/GitHub/Horde/Horde/Content/Blueprints/BaseClasses/HeroBase_BP.uasset'
[2015.10.08-10.27.03:777][169]LogSavePackage: Total save time: 446.574468ms
[2015.10.08-10.27.03:777][169]LogSavePackage:Warning: Finished SavePackage ../../../../../../Users/onsbe/Documents/GitHub/Horde/Horde/Content/Blueprints/BaseClasses/HeroBase_BP.uasset
[2015.10.08-10.27.03:798][169]Cmd: OBJ SAVEPACKAGE PACKAGE="/Game/Blueprints/BaseClasses/ItemBase_BP" FILE="../../../../../../Users/onsbe/Documents/GitHub/Horde/Horde/Content/Blueprints/BaseClasses/ItemBase_BP.uasset" SILENT=true
[2015.10.08-10.27.03:855][169]LogSavePackage: Save=38.329006ms
[2015.10.08-10.27.03:855][169]LogSavePackage: Moving '../../../../../../Users/onsbe/Documents/GitHub/Horde/Horde/Saved/ItemBase_BP2698E5404442C0AB01A574A1DBD69381.tmp' to '../../../../../../Users/onsbe/Documents/GitHub/Horde/Horde/Content/Blueprints/BaseClasses/ItemBase_BP.uasset'
[2015.10.08-10.27.03:857][169]LogSavePackage: Total save time: 56.868803ms
[2015.10.08-10.27.03:857][169]LogSavePackage:Warning: Finished SavePackage ../../../../../../Users/onsbe/Documents/GitHub/Horde/Horde/Content/Blueprints/BaseClasses/ItemBase_BP.uasset
[2015.10.08-10.27.27:971][996]LogTexture:Display: Building textures: HQ_Lightmap0_1 (AutoDXT)
[2015.10.08-10.27.29:205][996]LogTexture:Display: Building textures: HQ_Lightmap1_2 (AutoDXT)
[2015.10.08-10.27.29:223][996]LogTexture:Display: Building textures: LQ_Lightmap_0_1 (DXT1)
[2015.10.08-10.27.29:463][996]LogTexture:Display: Building textures: LQ_Lightmap_1_2 (DXT1)
[2015.10.08-10.27.29:466][996]LogTexture:Display: Building textures: ShadowMapTexture2D_0 (G8)
[2015.10.08-10.27.29:489][996]LogTexture:Display: Building textures: ShadowMapTexture2D_1 (G8)
[2015.10.08-10.27.29:496][996]LogAIModule: Creating AISystem for world Dev01_Map
[2015.10.08-10.27.29:558][996]Cmd: MAP LOAD FILE="../../../../../../Users/onsbe/Documents/GitHub/Horde/Horde/Content/Maps/Dev01_Map.umap" TEMPLATE=0 SHOWPROGRESS=1 FEATURELEVEL=3
[2015.10.08-10.27.29:558][996]LightingResults: New page: Lighting Build
[2015.10.08-10.27.29:576][996]LoadErrors: New page: Loading map: Dev01_Map.umap
[2015.10.08-10.27.29:576][996]MapCheck: New page: Map Check
[2015.10.08-10.27.29:576][996]LightingResults: New page: Lighting Build
[2015.10.08-10.27.29:621][996]LogParticles: Destroying 0 GPU particle simulations for FXSystem 0x0000000608A27920
[2015.10.08-10.27.29:638][996]LogEditorServer: Finished looking for orphan Actors (0.000 secs)
[2015.10.08-10.27.29:677][996]Cmd: MAP CHECKDEP NOCLEARLOG
[2015.10.08-10.27.29:733][996]MapCheck: Info Map check complete: 0 Error(s), 0 Warning(s), took 55.767ms to complete.
[2015.10.08-10.27.29:734][996]LogFileHelpers: Loading map 'Dev01_Map' took 0.177
[2015.10.08-10.27.31:188][ 11]BlueprintLog: New page: Pre-Play auto-recompile
[2015.10.08-10.27.31:206][ 11]LogPlayLevel: [PlayLevel] Compiling HeroBase_BP before play...
[2015.10.08-10.27.31:440][ 11]LogPlayLevel: PlayLevel: Blueprint regeneration took 252 ms (2 blueprints)
[2015.10.08-10.27.31:458][ 11]LogPlayLevel: [PlayLevel] Compiling GunBase_BP before play...
[2015.10.08-10.27.31:781][ 11]LogPlayLevel: PlayLevel: Blueprint regeneration took 592 ms (3 blueprints)
[2015.10.08-10.27.31:782][ 11]LogPlayLevel: [PlayLevel] Compiling Shotgun_BP before play...
[2015.10.08-10.27.31:873][ 11]LogPlayLevel: PlayLevel: Blueprint regeneration took 685 ms (3 blueprints)
[2015.10.08-10.27.31:920][ 11]PIE: New page: PIE session: Dev01_Map (Oct 8, 2015, 2:27:31 PM)
[2015.10.08-10.27.31:920][ 11]LogPlayLevel: Creating play world package: /Game/Maps/UEDPIE_0_Dev01_Map
[2015.10.08-10.27.31:948][ 11]LogPlayLevel: PIE: StaticDuplicateObject took: (0.027311s)
[2015.10.08-10.27.31:949][ 11]LogAIModule: Creating AISystem for world Dev01_Map
[2015.10.08-10.27.31:950][ 11]LogPlayLevel: PIE: World Init took: (0.001697s)
[2015.10.08-10.27.31:950][ 11]LogPlayLevel: PIE: Created PIE world by copying editor world from /Game/Maps/Dev01_Map.Dev01_Map to /Game/Maps/UEDPIE_0_Dev01_Map.Dev01_Map (0.029497s)
[2015.10.08-10.27.31:997][ 11]LogInit: XAudio2 using 'Speakers / Headphones (Realtek High Definition Audio)' : 2 channels at 48 kHz using 32 bits per sample (channel mask 0x3)
[2015.10.08-10.27.32:011][ 11]LogInit: FAudioDevice initialized.
[2015.10.08-10.27.32:104][ 11]LogWorld: Game class is 'Base_GameMode_BP_C'
[2015.10.08-10.27.32:109][ 11]LogWorld: Bringing World /Game/Maps/UEDPIE_0_Dev01_Map.Dev01_Map up for play (max tick rate 0) at 2015.10.08-12.27.32
[2015.10.08-10.27.32:109][ 11]LogActor:Warning: GameSession /Game/Maps/UEDPIE_0_Dev01_Map.Dev01_Map:PersistentLevel.GameSession_0 has natively added scene component(s), but none of them were set as the actor's RootComponent - picking one arbitrarily
[2015.10.08-10.27.32:110][ 11]LogActor:Warning: GameNetworkManager /Game/Maps/UEDPIE_0_Dev01_Map.Dev01_Map:PersistentLevel.GameNetworkManager_0 has natively added scene component(s), but none of them were set as the actor's RootComponent - picking one arbitrarily
[2015.10.08-10.27.32:117][ 11]LogWorld: Bringing up level for play took: 0.011362
[2015.10.08-10.27.32:122][ 11]PIE: Info Play in editor start time for /Game/Maps/UEDPIE_0_Dev01_Map 0.72
[2015.10.08-10.27.39:083][ 98]LogParticles: Destroying 0 GPU particle simulations for FXSystem 0x0000000653C9B1A0
[2015.10.08-10.37.35:757][894]LogFileHelpers: Editor autosave (incl. sublevels) for '/Game/Maps/Dev01_Map' took 0.060
[2015.10.08-11.45.58:533][218]LogActorComponent: UnregisterComponent: (/Engine/Transient.EditorFloorComp) Not registered. Aborting.
[2015.10.08-11.45.58:595][218]LogActorComponent: UnregisterComponent: (/Engine/Transient.EditorFloorComp) Not registered. Aborting.
[2015.10.08-11.45.58:649][218]LogWindowsTextInputMethodSystem:Display: IME system now deactivated.
[2015.10.08-11.45.59:076][219]Cmd: QUIT_EDITOR
[2015.10.08-11.45.59:798][219]LogExit: Preparing to exit.
[2015.10.08-11.46.00:821][219]LogExit: Editor shut down
[2015.10.08-11.46.00:821][219]LogExit: Transaction tracking system shut down
[2015.10.08-11.46.00:822][219]LogParticles: Destroying 0 GPU particle simulations for FXSystem 0x000000061EE23880
[2015.10.08-11.46.00:823][219]LogParticles: Destroying 0 GPU particle simulations for FXSystem 0x000000061F22D3A0
[2015.10.08-11.46.00:828][219]LogParticles: Destroying 0 GPU particle simulations for FXSystem 0x00000006118A05E0
[2015.10.08-11.46.00:830][219]LogParticles: Destroying 0 GPU particle simulations for FXSystem 0x000000061F426C00
[2015.10.08-11.46.00:832][219]LogParticles: Destroying 0 GPU particle simulations for FXSystem 0x0000000640CD51C0
[2015.10.08-11.46.00:834][219]LogParticles: Destroying 0 GPU particle simulations for FXSystem 0x00000006454B49A0
[2015.10.08-11.46.00:837][219]LogParticles: Destroying 0 GPU particle simulations for FXSystem 0x000000061ED32200
[2015.10.08-11.46.01:036][219]LogExit: Object subsystem successfully closed.
[2015.10.08-11.46.01:063][219]LogD3D11RHI: Shutdown
[2015.10.08-11.46.01:063][219]LogD3D11RHI: CleanupD3DDevice
[2015.10.08-11.46.01:161][219]LogD3D11RHI: ~FD3D11DynamicRHI
[2015.10.08-11.46.01:192][219]LogModuleManager: Shutting down and abandoning module ExternalImagePicker (199)
[2015.10.08-11.46.01:192][219]LogModuleManager: Shutting down and abandoning module BlueprintGraph (198)
[2015.10.08-11.46.01:192][219]LogModuleManager: Shutting down and abandoning module CrashTracker (197)
[2015.10.08-11.46.01:192][219]LogModuleManager: Shutting down and abandoning module SceneOutliner (196)
[2015.10.08-11.46.01:192][219]LogModuleManager: Shutting down and abandoning module SuperSearch (195)
[2015.10.08-11.46.01:192][219]LogModuleManager: Shutting down and abandoning module WidgetCarousel (194)
[2015.10.08-11.46.01:192][219]LogModuleManager: Shutting down and abandoning module AddContentDialog (193)
[2015.10.08-11.46.01:197][219]LogModuleManager: Shutting down and abandoning module EditorWidgets (192)
[2015.10.08-11.46.01:197][219]LogModuleManager: Shutting down and abandoning module CollectionManager (191)
[2015.10.08-11.46.01:197][219]LogModuleManager: Shutting down and abandoning module StatsViewer (190)
[2015.10.08-11.46.01:197][219]LogModuleManager: Shutting down and abandoning module FoliageEdit (189)
[2015.10.08-11.46.01:197][219]LogModuleManager: Shutting down and abandoning module LandscapeEditor (188)
[2015.10.08-11.46.01:198][219]LogModuleManager: Shutting down and abandoning module ActorPickerMode (187)
[2015.10.08-11.46.01:198][219]LogModuleManager: Shutting down and abandoning module GeometryMode (186)
[2015.10.08-11.46.01:198][219]LogModuleManager: Shutting down and abandoning module TextureAlignMode (185)
[2015.10.08-11.46.01:198][219]LogModuleManager: Shutting down and abandoning module BspMode (184)
[2015.10.08-11.46.01:198][219]LogModuleManager: Shutting down and abandoning module PlacementMode (183)
[2015.10.08-11.46.01:198][219]LogModuleManager: Shutting down and abandoning module AutomationWorker (182)
[2015.10.08-11.46.01:198][219]LogModuleManager: Shutting down and abandoning module CharacterAI (181)
[2015.10.08-11.46.01:198][219]LogModuleManager: Shutting down and abandoning module SmartSnapping (180)
[2015.10.08-11.46.01:198][219]LogModuleManager: Shutting down and abandoning module ViewportSnapping (179)
[2015.10.08-11.46.01:198][219]LogModuleManager: Shutting down and abandoning module LogVisualizer (178)
[2015.10.08-11.46.01:198][219]LogModuleManager: Shutting down and abandoning module GameProjectGeneration (177)
[2015.10.08-11.46.01:199][219]LogModuleManager: Shutting down and abandoning module IntroTutorials (176)
[2015.10.08-11.46.01:199][219]LogModuleManager: Shutting down and abandoning module EditorLiveStreaming (175)
[2015.10.08-11.46.01:199][219]LogModuleManager: Shutting down and abandoning module IOSPlatformEditor (174)
[2015.10.08-11.46.01:199][219]LogModuleManager: Shutting down and abandoning module HTML5PlatformEditor (173)
[2015.10.08-11.46.01:199][219]LogModuleManager: Shutting down and abandoning module AndroidDeviceDetection (172)
[2015.10.08-11.46.01:617][219]LogModuleManager: Shutting down and abandoning module AndroidPlatformEditor (171)
[2015.10.08-11.46.01:617][219]LogModuleManager: Shutting down and abandoning module IOSRuntimeSettings (170)
[2015.10.08-11.46.01:617][219]LogModuleManager: Shutting down and abandoning module AndroidRuntimeSettings (169)
[2015.10.08-11.46.01:617][219]LogModuleManager: Shutting down and abandoning module MergeActors (168)
[2015.10.08-11.46.01:619][219]LogModuleManager: Shutting down and abandoning module SizeMap (167)
[2015.10.08-11.46.01:619][219]LogModuleManager: Shutting down and abandoning module TreeMap (166)
[2015.10.08-11.46.01:619][219]LogModuleManager: Shutting down and abandoning module ReferenceViewer (165)
[2015.10.08-11.46.01:619][219]LogModuleManager: Shutting down and abandoning module LocalizationService (164)
[2015.10.08-11.46.01:619][219]LogModuleManager: Shutting down and abandoning module LocalizationDashboard (163)
[2015.10.08-11.46.01:619][219]LogModuleManager: Shutting down and abandoning module HardwareTargeting (162)
[2015.10.08-11.46.01:619][219]LogModuleManager: Shutting down and abandoning module DeviceProfileEditor (161)
[2015.10.08-11.46.01:619][219]LogModuleManager: Shutting down and abandoning module UndoHistory (160)
[2015.10.08-11.46.01:619][219]LogModuleManager: Shutting down and abandoning module GameplayTagsEditor (159)
[2015.10.08-11.46.01:619][219]LogModuleManager: Shutting down and abandoning module UserFeedback (158)
[2015.10.08-11.46.01:619][219]LogModuleManager: Shutting down and abandoning module XmlParser (157)
[2015.10.08-11.46.01:619][219]LogModuleManager: Shutting down and abandoning module Blutility (156)
[2015.10.08-11.46.01:619][219]LogModuleManager: Shutting down and abandoning module ProjectTargetPlatformEditor (155)
[2015.10.08-11.46.01:619][219]LogModuleManager: Shutting down and abandoning module ProjectSettingsViewer (154)
[2015.10.08-11.46.01:619][219]LogModuleManager: Shutting down and abandoning module InputBindingEditor (153)
[2015.10.08-11.46.01:620][219]LogModuleManager: Shutting down and abandoning module EditorSettingsViewer (152)
[2015.10.08-11.46.01:620][219]LogModuleManager: Shutting down and abandoning module SettingsEditor (151)
[2015.10.08-11.46.01:620][219]LogModuleManager: Shutting down and abandoning module ProjectLauncher (150)
[2015.10.08-11.46.01:620][219]LogModuleManager: Shutting down and abandoning module SessionFrontend (149)
[2015.10.08-11.46.01:620][219]LogModuleManager: Shutting down and abandoning module ProfilerClient (148)
[2015.10.08-11.46.01:620][219]LogModuleManager: Shutting down and abandoning module TargetDeviceServices (147)
[2015.10.08-11.46.01:620][219]LogModuleManager: Shutting down and abandoning module DeviceManager (146)
[2015.10.08-11.46.01:620][219]LogModuleManager: Shutting down and abandoning module AutomationController (145)
[2015.10.08-11.46.01:620][219]LogModuleManager: Shutting down and abandoning module AutomationWindow (144)
[2015.10.08-11.46.01:621][219]LogModuleManager: Shutting down and abandoning module Layers (143)
[2015.10.08-11.46.01:621][219]LogModuleManager: Shutting down and abandoning module ComponentVisualizers (142)
[2015.10.08-11.46.01:621][219]LogModuleManager: Shutting down and abandoning module DetailCustomizations (141)
[2015.10.08-11.46.01:621][219]LogModuleManager: Shutting down and abandoning module PackagesDialog (140)
[2015.10.08-11.46.01:621][219]LogModuleManager: Shutting down and abandoning module Persona (139)
[2015.10.08-11.46.01:622][219]LogModuleManager: Shutting down and abandoning module Kismet (138)
[2015.10.08-11.46.01:622][219]LogModuleManager: Shutting down and abandoning module GraphEditor (137)
[2015.10.08-11.46.01:622][219]LogModuleManager: Shutting down and abandoning module ClassViewer (136)
[2015.10.08-11.46.01:623][219]LogModuleManager: Shutting down and abandoning module Toolbox (135)
[2015.10.08-11.46.01:623][219]LogModuleManager: Shutting down and abandoning module ModuleUI (134)
[2015.10.08-11.46.01:623][219]LogModuleManager: Shutting down and abandoning module MovieSceneTools (133)
[2015.10.08-11.46.01:623][219]LogModuleManager: Shutting down and abandoning module OutputLog (132)
[2015.10.08-11.46.01:623][219]LogModuleManager: Shutting down and abandoning module GammaUI (131)
[2015.10.08-11.46.01:624][219]LogModuleManager: Shutting down and abandoning module Documentation (130)
[2015.10.08-11.46.01:624][219]LogModuleManager: Shutting down and abandoning module GameLiveStreaming (129)
[2015.10.08-11.46.01:624][219]LogModuleManager: Shutting down and abandoning module StreamingPauseRendering (128)
[2015.10.08-11.46.01:624][219]LogModuleManager: Shutting down and abandoning module AnalyticsET (127)
[2015.10.08-11.46.01:624][219]LogModuleManager: Shutting down and abandoning module Analytics (126)
[2015.10.08-11.46.01:624][219]LogModuleManager: Shutting down and abandoning module AITestSuite (125)
[2015.10.08-11.46.01:624][219]LogModuleManager: Shutting down and abandoning module GameplayDebugger (124)
[2015.10.08-11.46.01:624][219]LogModuleManager: Shutting down and abandoning module AIModule (123)
[2015.10.08-11.46.01:624][219]LogModuleManager: Shutting down and abandoning module ProfilerService (122)
[2015.10.08-11.46.01:703][219]LogModuleManager: Shutting down and abandoning module TaskGraph (121)
[2015.10.08-11.46.01:703][219]LogModuleManager: Shutting down and abandoning module SlateRemote (120)
[2015.10.08-11.46.01:703][219]LogModuleManager: Shutting down and abandoning module SteamVRController (119)
[2015.10.08-11.46.01:703][219]LogModuleManager: Shutting down and abandoning module SteamVR (118)
[2015.10.08-11.46.01:703][219]LogModuleManager: Shutting down and abandoning module ProceduralMeshComponent (117)
[2015.10.08-11.46.01:703][219]LogModuleManager: Shutting down and abandoning module OculusRift (116)
[2015.10.08-11.46.01:703][219]LogModuleManager: Shutting down and abandoning module OculusLibrary (115)
[2015.10.08-11.46.01:703][219]LogModuleManager: Shutting down and abandoning module LeapMotionController (114)
[2015.10.08-11.46.01:717][219]LogModuleManager: Shutting down and abandoning module CustomMeshComponent (113)
[2015.10.08-11.46.01:718][219]LogModuleManager: Shutting down and abandoning module CableComponent (112)
[2015.10.08-11.46.01:718][219]LogModuleManager: Shutting down and abandoning module ArchVisCharacter (111)
[2015.10.08-11.46.01:718][219]LogModuleManager: Shutting down and abandoning module MessagingDebugger (110)
[2015.10.08-11.46.01:719][219]LogModuleManager: Shutting down and abandoning module MediaPlayerEditor (109)
[2015.10.08-11.46.01:719][219]LogModuleManager: Shutting down and abandoning module HTML5Networking (108)
[2015.10.08-11.46.01:719][219]LogModuleManager: Shutting down and abandoning module SpeedTreeImporter (107)
[2015.10.08-11.46.01:719][219]LogModuleManager: Shutting down and abandoning module PluginBrowser (106)
[2015.10.08-11.46.01:719][219]LogModuleManager: Shutting down and abandoning module EpicSurvey (105)
[2015.10.08-11.46.01:719][219]LogModuleManager: Shutting down and abandoning module DesktopPlatform (104)
[2015.10.08-11.46.01:719][219]LogModuleManager: Shutting down and abandoning module VisualStudioSourceCodeAccess (103)
[2015.10.08-11.46.01:719][219]LogModuleManager: Shutting down and abandoning module UObjectPlugin (102)
[2015.10.08-11.46.01:719][219]LogModuleManager: Shutting down and abandoning module SubversionSourceControl (101)
[2015.10.08-11.46.01:719][219]LogModuleManager: Shutting down and abandoning module PerforceSourceControl (100)
[2015.10.08-11.46.01:719][219]LogModuleManager: Shutting down and abandoning module SourceControl (99)
[2015.10.08-11.46.01:719][219]LogModuleManager: Shutting down and abandoning module GitSourceControl (98)
[2015.10.08-11.46.01:719][219]LogModuleManager: Shutting down and abandoning module LightPropagationVolumeEditor (97)
[2015.10.08-11.46.01:719][219]LogModuleManager: Shutting down and abandoning module PaperTiledImporter (96)
[2015.10.08-11.46.01:719][219]LogModuleManager: Shutting down and abandoning module PaperSpriteSheetImporter (95)
[2015.10.08-11.46.01:719][219]LogModuleManager: Shutting down and abandoning module MeshPaint (94)
[2015.10.08-11.46.01:719][219]LogModuleManager: Shutting down and abandoning module SlateReflector (93)
[2015.10.08-11.46.01:719][219]LogModuleManager: Shutting down and abandoning module HotReload (92)
[2015.10.08-11.46.01:719][219]LogModuleManager: Shutting down and abandoning module MainFrame (91)
[2015.10.08-11.46.01:719][219]LogModuleManager: Shutting down and abandoning module LevelEditor (90)
[2015.10.08-11.46.01:720][219]LogModuleManager: Shutting down and abandoning module DirectoryWatcher (89)
[2015.10.08-11.46.01:722][219]LogModuleManager: Shutting down and abandoning module AssetRegistry (88)
[2015.10.08-11.46.01:798][219]LogModuleManager: Shutting down and abandoning module ContentBrowser (87)
[2015.10.08-11.46.01:799][219]LogModuleManager: Shutting down and abandoning module Paper2DEditor (86)
[2015.10.08-11.46.01:801][219]LogModuleManager: Shutting down and abandoning module UdpMessaging (85)
[2015.10.08-11.46.01:902][219]LogModuleManager: Shutting down and abandoning module LightPropagationVolumeRuntime (84)
[2015.10.08-11.46.01:902][219]LogModuleManager: Shutting down and abandoning module Paper2D (83)
[2015.10.08-11.46.01:902][219]LogModuleManager: Shutting down and abandoning module WindowsMoviePlayer (82)
[2015.10.08-11.46.01:906][219]LogModuleManager: Shutting down and abandoning module Media (81)
[2015.10.08-11.46.01:906][219]LogModuleManager: Shutting down and abandoning module WmfMedia (80)
[2015.10.08-11.46.01:906][219]LogModuleManager: Shutting down and abandoning module OnlineBlueprintSupport (79)
[2015.10.08-11.46.01:906][219]LogModuleManager: Shutting down and abandoning module GameplayTasksEditor (78)
[2015.10.08-11.46.01:906][219]LogModuleManager: Shutting down and abandoning module PropertyEditor (77)
[2015.10.08-11.46.01:906][219]LogModuleManager: Shutting down and abandoning module BehaviorTreeEditor (76)
[2015.10.08-11.46.01:906][219]LogModuleManager: Shutting down and abandoning module FunctionalTesting (75)
[2015.10.08-11.46.01:906][219]LogModuleManager: Shutting down and abandoning module CollisionAnalyzer (74)
[2015.10.08-11.46.01:906][219]LogModuleManager: Shutting down and abandoning module WorkspaceMenuStructure (73)
[2015.10.08-11.46.01:906][219]LogModuleManager: Shutting down and abandoning module MessageLog (72)
[2015.10.08-11.46.01:906][219]LogModuleManager: Shutting down and abandoning module Sequencer (71)
[2015.10.08-11.46.01:906][219]LogModuleManager: Shutting down and abandoning module AssetTools (70)
[2015.10.08-11.46.01:907][219]LogModuleManager: Shutting down and abandoning module UMGEditor (69)
[2015.10.08-11.46.01:907][219]LogModuleManager: Shutting down and abandoning module UMG (68)
[2015.10.08-11.46.01:907][219]LogModuleManager: Shutting down and abandoning module Slate (67)
[2015.10.08-11.46.01:907][219]LogModuleManager: Shutting down and abandoning module EditorStyle (66)
[2015.10.08-11.46.01:909][219]LogModuleManager: Shutting down and abandoning module SessionServices (65)
[2015.10.08-11.46.01:909][219]LogModuleManager: Shutting down and abandoning module SourceCodeAccess (64)
[2015.10.08-11.46.01:909][219]LogModuleManager: Shutting down and abandoning module HeadMountedDisplay (63)
[2015.10.08-11.46.01:909][219]LogModuleManager: Shutting down and abandoning module XAudio2 (62)
[2015.10.08-11.46.01:909][219]LogModuleManager: Shutting down and abandoning module Networking (60)
[2015.10.08-11.46.01:909][219]LogModuleManager: Shutting down and abandoning module Core (59)
[2015.10.08-11.46.01:909][219]LogModuleManager: Shutting down and abandoning module KismetCompiler (58)
[2015.10.08-11.46.01:909][219]LogModuleManager: Shutting down and abandoning module PhysXFormats (57)
[2015.10.08-11.46.01:909][219]LogModuleManager: Shutting down and abandoning module MeshUtilities (56)
[2015.10.08-11.46.01:909][219]LogModuleManager: Shutting down and abandoning module CookingStats (55)
[2015.10.08-11.46.01:910][219]LogModuleManager: Shutting down and abandoning module DerivedDataCache (54)
[2015.10.08-11.46.01:938][219]LogDerivedDataCache: Shutdown
[2015.10.08-11.46.01:938][219]LogModuleManager: Shutting down and abandoning module ShaderFormatOpenGL (53)
[2015.10.08-11.46.01:938][219]LogModuleManager: Shutting down and abandoning module ShaderFormatD3D (52)
[2015.10.08-11.46.01:939][219]LogModuleManager: Shutting down and abandoning module MetalShaderFormat (51)
[2015.10.08-11.46.01:939][219]LogModuleManager: Shutting down and abandoning module TextureFormatUncompressed (50)
[2015.10.08-11.46.01:939][219]LogModuleManager: Shutting down and abandoning module TextureFormatPVR (49)
[2015.10.08-11.46.01:939][219]LogModuleManager: Shutting down and abandoning module TextureFormatIntelISPCTexComp (48)
[2015.10.08-11.46.01:939][219]LogModuleManager: Shutting down and abandoning module TextureFormatDXT (47)
[2015.10.08-11.46.01:939][219]LogModuleManager: Shutting down and abandoning module ImageWrapper (46)
[2015.10.08-11.46.01:939][219]LogModuleManager: Shutting down and abandoning module TextureFormatASTC (45)
[2015.10.08-11.46.01:939][219]LogModuleManager: Shutting down and abandoning module TextureFormatAndroid (44)
[2015.10.08-11.46.01:939][219]LogModuleManager: Shutting down and abandoning module AudioFormatOpus (43)
[2015.10.08-11.46.01:939][219]LogModuleManager: Shutting down and abandoning module AudioFormatOgg (42)
[2015.10.08-11.46.01:939][219]LogModuleManager: Shutting down and abandoning module AudioFormatADPCM (41)
[2015.10.08-11.46.01:939][219]LogModuleManager: Shutting down and abandoning module LinuxTargetPlatform (40)
[2015.10.08-11.46.01:939][219]LogModuleManager: Shutting down and abandoning module LinuxServerTargetPlatform (39)
[2015.10.08-11.46.01:939][219]LogModuleManager: Shutting down and abandoning module LinuxNoEditorTargetPlatform (38)
[2015.10.08-11.46.01:939][219]LogModuleManager: Shutting down and abandoning module Messaging (37)
[2015.10.08-11.46.01:939][219]LogModuleManager: Shutting down and abandoning module IOSTargetPlatform (36)
[2015.10.08-11.46.01:939][219]LogModuleManager: Shutting down and abandoning module HTML5TargetPlatform (35)
[2015.10.08-11.46.01:939][219]LogModuleManager: Shutting down and abandoning module Android_PVRTCTargetPlatform (34)
[2015.10.08-11.46.01:939][219]LogModuleManager: Shutting down and abandoning module Android_ETC2TargetPlatform (33)
[2015.10.08-11.46.01:939][219]LogModuleManager: Shutting down and abandoning module Android_ETC1TargetPlatform (32)
[2015.10.08-11.46.01:939][219]LogModuleManager: Shutting down and abandoning module Android_DXTTargetPlatform (31)
[2015.10.08-11.46.01:939][219]LogModuleManager: Shutting down and abandoning module Android_ATCTargetPlatform (30)
[2015.10.08-11.46.01:939][219]LogModuleManager: Shutting down and abandoning module Android_ASTCTargetPlatform (29)
[2015.10.08-11.46.01:939][219]LogModuleManager: Shutting down and abandoning module AndroidTargetPlatform (28)
[2015.10.08-11.46.01:939][219]LogModuleManager: Shutting down and abandoning module WindowsTargetPlatform (27)
[2015.10.08-11.46.01:939][219]LogModuleManager: Shutting down and abandoning module WindowsServerTargetPlatform (26)
[2015.10.08-11.46.01:939][219]LogModuleManager: Shutting down and abandoning module WindowsNoEditorTargetPlatform (25)
[2015.10.08-11.46.01:939][219]LogModuleManager: Shutting down and abandoning module WindowsClientTargetPlatform (24)
[2015.10.08-11.46.01:939][219]LogModuleManager: Shutting down and abandoning module AllDesktopTargetPlatform (23)
[2015.10.08-11.46.01:939][219]LogModuleManager: Shutting down and abandoning module TargetPlatform (22)
[2015.10.08-11.46.01:939][219]LogModuleManager: Shutting down and abandoning module InputCore (21)
[2015.10.08-11.46.01:939][219]LogModuleManager: Shutting down and abandoning module Settings (20)
[2015.10.08-11.46.01:939][219]LogModuleManager: Shutting down and abandoning module OnlineSubsystem (18)
[2015.10.08-11.46.01:939][219]LogModuleManager: Shutting down and abandoning module HTTP (17)
[2015.10.08-11.46.03:941][219]LogModuleManager: Shutting down and abandoning module XMPP (16)
[2015.10.08-11.46.03:943][219]LogModuleManager: Shutting down and abandoning module ExampleDeviceProfileSelector (15)
[2015.10.08-11.46.03:943][219]LogModuleManager: Shutting down and abandoning module TextureCompressor (14)
[2015.10.08-11.46.03:944][219]LogModuleManager: Shutting down and abandoning module ShaderCore (13)
[2015.10.08-11.46.03:944][219]LogModuleManager: Shutting down and abandoning module Landscape (12)
[2015.10.08-11.46.03:944][219]LogModuleManager: Shutting down and abandoning module SlateRHIRenderer (11)
[2015.10.08-11.46.03:951][219]LogModuleManager: Shutting down and abandoning module OpenGLDrv (10)
[2015.10.08-11.46.03:951][219]LogModuleManager: Shutting down and abandoning module D3D11RHI (9)
[2015.10.08-11.46.03:951][219]LogModuleManager: Shutting down and abandoning module AnimGraphRuntime (8)
[2015.10.08-11.46.03:951][219]LogModuleManager: Shutting down and abandoning module Renderer (7)
[2015.10.08-11.46.03:951][219]LogModuleManager: Shutting down and abandoning module Engine (6)
[2015.10.08-11.46.03:951][219]LogModuleManager: Shutting down and abandoning module CoreUObject (5)
[2015.10.08-11.46.03:951][219]LogModuleManager: Shutting down and abandoning module NetworkFile (4)
[2015.10.08-11.46.03:951][219]LogModuleManager: Shutting down and abandoning module StreamingFile (3)
[2015.10.08-11.46.03:951][219]LogModuleManager: Shutting down and abandoning module SandboxFile (2)
[2015.10.08-11.46.03:952][219]LogModuleManager: Shutting down and abandoning module PakFile (1)
[2015.10.08-11.46.03:952][219]LogExit: Exiting.
[2015.10.08-11.46.03:973][219]Log file closed, 10/08/15 13:46:03
